c:\dokumente\mki\grafik\2016-ss\uebungen\vs13projectss2016\shaderbase\opengl\opengl\debug\vc120.pdb
c:\dokumente\mki\grafik\2016-ss\uebungen\vs13projectss2016\shaderbase\opengl\opengl\debug\vc120.idb
c:\dokumente\mki\grafik\2016-ss\uebungen\vs13projectss2016\shaderbase\opengl\opengl\debug\lodepng.obj
c:\dokumente\mki\grafik\2016-ss\uebungen\vs13projectss2016\shaderbase\opengl\opengl\debug\main.obj
c:\dokumente\mki\grafik\2016-ss\uebungen\vs13projectss2016\shaderbase\opengl\opengl\debug\utilities.obj
c:\dokumente\mki\grafik\2016-ss\uebungen\vs13projectss2016\secondogl\opengl\opengl\debug\vc120.pdb
c:\dokumente\mki\grafik\2016-ss\uebungen\vs13projectss2016\secondogl\opengl\opengl\debug\vc120.idb
c:\dokumente\mki\grafik\2016-ss\uebungen\vs13projectss2016\secondogl\opengl\opengl\debug\lodepng.obj
c:\dokumente\mki\grafik\2016-ss\uebungen\vs13projectss2016\secondogl\opengl\opengl\debug\main.obj
c:\dokumente\mki\grafik\2016-ss\uebungen\vs13projectss2016\secondogl\opengl\opengl\debug\utilities.obj
c:\dokumente\mki\grafik\2016y17-ws\uebungen\vs13projectss2016\secondogl\opengl\opengl\debug\vc120.pdb
c:\dokumente\mki\grafik\2016y17-ws\uebungen\vs13projectss2016\secondogl\opengl\opengl\debug\vc120.idb
c:\dokumente\mki\grafik\2016y17-ws\uebungen\vs13projectss2016\secondogl\opengl\opengl\debug\lodepng.obj
c:\dokumente\mki\grafik\2016y17-ws\uebungen\vs13projectss2016\secondogl\opengl\opengl\debug\main.obj
c:\dokumente\mki\grafik\2016y17-ws\uebungen\vs13projectss2016\secondogl\opengl\opengl\debug\utilities.obj
d:\dokumente\mki\grafik\2017-ss\uebungen\vs13projectss2017\secondogl\opengl\opengl\debug\vc140.pdb
d:\dokumente\mki\grafik\2017-ss\uebungen\vs13projectss2017\secondogl\opengl\opengl\debug\vc140.idb
d:\dokumente\mki\grafik\2017-ss\uebungen\vs13projectss2017\secondogl\opengl\opengl\debug\lodepng.obj
d:\dokumente\mki\grafik\2017-ss\uebungen\vs13projectss2017\secondogl\opengl\opengl\debug\main.obj
d:\dokumente\mki\grafik\2017-ss\uebungen\vs13projectss2017\secondogl\opengl\opengl\debug\utilities.obj
d:\dokumente\mki\grafik\2017y18-ws\uebungen\vs13projectws2017\secondogl\opengl\opengl\debug\vc140.pdb
d:\dokumente\mki\grafik\2017y18-ws\uebungen\vs13projectws2017\secondogl\opengl\opengl\debug\vc140.idb
d:\dokumente\mki\grafik\2017y18-ws\uebungen\vs13projectws2017\secondogl\opengl\opengl\debug\lodepng.obj
d:\dokumente\mki\grafik\2017y18-ws\uebungen\vs13projectws2017\secondogl\opengl\opengl\debug\main.obj
d:\dokumente\mki\grafik\2017y18-ws\uebungen\vs13projectws2017\secondogl\opengl\opengl\debug\utilities.obj
c:\dokumente\mki\grafik\2016-ss\uebungen\vs13projectss2016\shaderbase\opengl\debug\opengl.ilk
c:\dokumente\mki\grafik\2016-ss\uebungen\vs13projectss2016\shaderbase\opengl\debug\opengl.exe
c:\dokumente\mki\grafik\2016-ss\uebungen\vs13projectss2016\shaderbase\opengl\debug\opengl.pdb
c:\dokumente\mki\grafik\2016-ss\uebungen\vs13projectss2016\secondogl\opengl\debug\opengl.ilk
c:\dokumente\mki\grafik\2016-ss\uebungen\vs13projectss2016\secondogl\opengl\debug\opengl.exe
c:\dokumente\mki\grafik\2016-ss\uebungen\vs13projectss2016\secondogl\opengl\debug\opengl.pdb
c:\dokumente\mki\grafik\2016y17-ws\uebungen\vs13projectss2016\secondogl\opengl\debug\opengl.ilk
c:\dokumente\mki\grafik\2016y17-ws\uebungen\vs13projectss2016\secondogl\opengl\debug\opengl.exe
c:\dokumente\mki\grafik\2016y17-ws\uebungen\vs13projectss2016\secondogl\opengl\debug\opengl.pdb
d:\dokumente\mki\grafik\2017-ss\uebungen\vs13projectss2017\secondogl\opengl\debug\opengl.ilk
d:\dokumente\mki\grafik\2017-ss\uebungen\vs13projectss2017\secondogl\opengl\debug\opengl.exe
d:\dokumente\mki\grafik\2017-ss\uebungen\vs13projectss2017\secondogl\opengl\debug\opengl.pdb
d:\dokumente\mki\grafik\2017y18-ws\uebungen\vs13projectws2017\secondogl\opengl\opengl\debug\vc120.idb
d:\dokumente\mki\grafik\2017y18-ws\uebungen\vs13projectws2017\secondogl\opengl\opengl\debug\vc120.pdb
d:\dokumente\mki\grafik\2017y18-ws\uebungen\vs13projectws2017\secondogl\opengl\debug\opengl.pdb
d:\dokumente\mki\grafik\2017y18-ws\uebungen\vs13projectws2017\secondogl\opengl\opengl\debug\opengl.tlog\cl.command.1.tlog
d:\dokumente\mki\grafik\2017y18-ws\uebungen\vs13projectws2017\secondogl\opengl\opengl\debug\opengl.tlog\cl.read.1.tlog
d:\dokumente\mki\grafik\2017y18-ws\uebungen\vs13projectws2017\secondogl\opengl\opengl\debug\opengl.tlog\cl.write.1.tlog
d:\dokumente\mki\grafik\2017y18-ws\uebungen\vs13projectws2017\secondogl\opengl\opengl\debug\opengl.tlog\link-cvtres.read.1.tlog
d:\dokumente\mki\grafik\2017y18-ws\uebungen\vs13projectws2017\secondogl\opengl\opengl\debug\opengl.tlog\link-cvtres.write.1.tlog
d:\dokumente\mki\grafik\2017y18-ws\uebungen\vs13projectws2017\secondogl\opengl\opengl\debug\opengl.tlog\link-rc.read.1.tlog
d:\dokumente\mki\grafik\2017y18-ws\uebungen\vs13projectws2017\secondogl\opengl\opengl\debug\opengl.tlog\link-rc.write.1.tlog
d:\dokumente\mki\grafik\2017y18-ws\uebungen\vs13projectws2017\secondogl\opengl\opengl\debug\opengl.tlog\link.command.1.tlog
d:\dokumente\mki\grafik\2017y18-ws\uebungen\vs13projectws2017\secondogl\opengl\opengl\debug\opengl.tlog\link.read.1.tlog
d:\dokumente\mki\grafik\2017y18-ws\uebungen\vs13projectws2017\secondogl\opengl\opengl\debug\opengl.tlog\link.write.1.tlog
